<?xml version="1.0" encoding="UTF-8"?>
<!-- Generated by org.testng.reporters.JUnitReportReporter -->
<testsuite hostname="DESKTOP-5Q2CKRI" name="diyici.diyici" tests="1" failures="0" timestamp="25 Mar 2019 03:09:12 GMT" time="5.812" errors="0">
  <testcase name="denglu" time="5.812" classname="diyici.diyici"/>
</testsuite> <!-- diyici.diyici -->
